<?xml version="1.0" encoding="UTF-8"?>
<!-- Generated by org.testng.reporters.JUnitReportReporter -->
<testsuite hostname="DESKTOP-RTFTH45" failures="0" tests="3" name="com.test.testng.Day4" time="0.010" errors="0" timestamp="2025-04-28T23:26:14 BST" skipped="0">
  <testcase classname="com.test.testng.Day4" name="loginAPICarLoan" time="0.004"/>
  <testcase classname="com.test.testng.Day4" name="mobileLoginHomeLoan" time="0.003"/>
  <testcase classname="com.test.testng.Day4" name="webLoginHomeLoan" time="0.003"/>
</testsuite> <!-- com.test.testng.Day4 -->
