<?xml version="1.0" encoding="UTF-8"?>
<!-- Generated by org.testng.reporters.JUnitReportReporter -->
<testsuite hostname="DESKTOP-RTFTH45" failures="0" tests="3" name="com.test.testng.Day2" time="0.011" errors="0" timestamp="2025-04-28T23:26:14 BST" skipped="0">
  <testcase classname="com.test.testng.Day2" name="pLoan" time="0.005"/>
  <testcase classname="com.test.testng.Day2" name="pLoan" time="0.004"/>
  <testcase classname="com.test.testng.Day2" name="pLoan" time="0.002"/>
</testsuite> <!-- com.test.testng.Day2 -->
