<?xml version="1.0" encoding="UTF-8"?>
<!-- Generated by org.testng.reporters.JUnitReportReporter -->
<testsuite hostname="DESKTOP-RTFTH45" failures="0" tests="5" name="com.test.testng.Day3" time="0.024" errors="0" timestamp="2025-04-28T23:26:14 BST" skipped="1">
  <testcase classname="com.test.testng.Day3" name="webLoginCarLoan" time="0.010"/>
  <testcase classname="com.test.testng.Day3" name="mobileLoginCarLoan" time="0.005"/>
  <testcase classname="com.test.testng.Day3" name="mobileSigninCarLoan" time="0.005"/>
  <testcase classname="com.test.testng.Day3" name="APICarLoan" time="0.004"/>
  <testcase classname="com.test.testng.Day3" name="mobileSignOutCarLoan">
    <skipped/>
  </testcase> <!-- mobileSignOutCarLoan -->
</testsuite> <!-- com.test.testng.Day3 -->
